<?xml version="1.0" encoding="UTF-8"?>
<testsuite name="bloombergfx.controller.ViewRecordsControllerTest" tests="2" skipped="0" failures="0" errors="0" timestamp="2017-11-29T23:34:41" hostname="SAMINDA-LAPTOP" time="0.212">
  <properties/>
  <testcase name="testViewRecords" classname="bloombergfx.controller.ViewRecordsControllerTest" time="0.084"/>
  <testcase name="testGetRecords" classname="bloombergfx.controller.ViewRecordsControllerTest" time="0.126"/>
  <system-out><![CDATA[2017-11-30 03:34:39.077  INFO 8520 --- [    Test worker] .b.t.a.w.s.WebMvcTestContextBootstrapper : Neither @ContextConfiguration nor @ContextHierarchy found for test class [bloombergfx.controller.ViewRecordsControllerTest], using SpringBootContextLoader
2017-11-30 03:34:39.078  INFO 8520 --- [    Test worker] o.s.t.c.support.AbstractContextLoader    : Could not detect default resource locations for test class [bloombergfx.controller.ViewRecordsControllerTest]: no resource found for suffixes {-context.xml, Context.groovy}.
2017-11-30 03:34:39.079  INFO 8520 --- [    Test worker] t.c.s.AnnotationConfigContextLoaderUtils : Could not detect default configuration classes for test class [bloombergfx.controller.ViewRecordsControllerTest]: ViewRecordsControllerTest does not declare any static, non-private, non-final, nested classes annotated with @Configuration.
2017-11-30 03:34:39.114  INFO 8520 --- [    Test worker] .b.t.c.SpringBootTestContextBootstrapper : Found @SpringBootConfiguration bloombergfx.Application for test class bloombergfx.controller.ViewRecordsControllerTest
2017-11-30 03:34:39.121  INFO 8520 --- [    Test worker] .b.t.a.w.s.WebMvcTestContextBootstrapper : Loaded default TestExecutionListener class names from location [META-INF/spring.factories]: [org.springframework.boot.test.mock.mockito.MockitoTestExecutionListener, org.springframework.boot.test.mock.mockito.ResetMocksTestExecutionListener, org.springframework.boot.test.autoconfigure.restdocs.RestDocsTestExecutionListener, org.springframework.boot.test.autoconfigure.web.client.MockRestServiceServerResetTestExecutionListener, org.springframework.boot.test.autoconfigure.web.servlet.MockMvcPrintOnlyOnFailureTestExecutionListener, org.springframework.boot.test.autoconfigure.web.servlet.WebDriverTestExecutionListener, org.springframework.test.context.web.ServletTestExecutionListener, org.springframework.test.context.support.DirtiesContextBeforeModesTestExecutionListener, org.springframework.test.context.support.DependencyInjectionTestExecutionListener, org.springframework.test.context.support.DirtiesContextTestExecutionListener, org.springframework.test.context.transaction.TransactionalTestExecutionListener, org.springframework.test.context.jdbc.SqlScriptsTestExecutionListener]
2017-11-30 03:34:39.126  INFO 8520 --- [    Test worker] .b.t.a.w.s.WebMvcTestContextBootstrapper : Using TestExecutionListeners: [org.springframework.test.context.web.ServletTestExecutionListener@76c56378, org.springframework.test.context.support.DirtiesContextBeforeModesTestExecutionListener@47139c30, org.springframework.boot.test.autoconfigure.SpringBootDependencyInjectionTestExecutionListener@23088cb9, org.springframework.test.context.support.DirtiesContextTestExecutionListener@502b4e34, org.springframework.test.context.transaction.TransactionalTestExecutionListener@da839ea, org.springframework.test.context.jdbc.SqlScriptsTestExecutionListener@5681d673, org.springframework.boot.test.autoconfigure.restdocs.RestDocsTestExecutionListener@310be55e, org.springframework.boot.test.mock.mockito.ResetMocksTestExecutionListener@3b5b57a5, org.springframework.boot.test.mock.mockito.MockitoTestExecutionListener@77705e4d, org.springframework.boot.test.autoconfigure.web.client.MockRestServiceServerResetTestExecutionListener@2f9a2c9e, org.springframework.boot.test.autoconfigure.web.servlet.MockMvcPrintOnlyOnFailureTestExecutionListener@41d50d26, org.springframework.boot.test.autoconfigure.web.servlet.WebDriverTestExecutionListener@20d28cc6]

  .   ____          _            __ _ _
 /\\ / ___'_ __ _ _(_)_ __  __ _ \ \ \ \
( ( )\___ | '_ | '_| | '_ \/ _` | \ \ \ \
 \\/  ___)| |_)| | | | | || (_| |  ) ) ) )
  '  |____| .__|_| |_|_| |_\__, | / / / /
 =========|_|==============|___/=/_/_/_/
 :: Spring Boot ::        (v1.5.8.RELEASE)

2017-11-30 03:34:39.277  INFO 8520 --- [    Test worker] b.controller.ViewRecordsControllerTest   : Starting ViewRecordsControllerTest on SAMINDA-LAPTOP with PID 8520 (started by Saminda in C:\Users\Saminda\git\bloombergfx\BloombergFX)
2017-11-30 03:34:39.277  INFO 8520 --- [    Test worker] b.controller.ViewRecordsControllerTest   : No active profile set, falling back to default profiles: default
2017-11-30 03:34:39.282  INFO 8520 --- [    Test worker] o.s.w.c.s.GenericWebApplicationContext   : Refreshing org.springframework.web.context.support.GenericWebApplicationContext@303873e0: startup date [Thu Nov 30 03:34:39 GST 2017]; root of context hierarchy
2017-11-30 03:34:40.642  INFO 8520 --- [    Test worker] s.w.s.m.m.a.RequestMappingHandlerAdapter : Looking for @ControllerAdvice: org.springframework.web.context.support.GenericWebApplicationContext@303873e0: startup date [Thu Nov 30 03:34:39 GST 2017]; root of context hierarchy
2017-11-30 03:34:40.680  INFO 8520 --- [    Test worker] s.w.s.m.m.a.RequestMappingHandlerMapping : Mapped "{[/viewRecords],methods=[GET]}" onto public java.lang.String bloombergfx.controller.ViewRecordsController.viewRecords()
2017-11-30 03:34:40.681  INFO 8520 --- [    Test worker] s.w.s.m.m.a.RequestMappingHandlerMapping : Mapped "{[/viewRecords],methods=[POST]}" onto public java.lang.String bloombergfx.controller.ViewRecordsController.getRecords(java.lang.String,org.springframework.ui.Model)
2017-11-30 03:34:40.688  INFO 8520 --- [    Test worker] s.w.s.m.m.a.RequestMappingHandlerMapping : Mapped "{[/error]}" onto public org.springframework.http.ResponseEntity<java.util.Map<java.lang.String, java.lang.Object>> org.springframework.boot.autoconfigure.web.BasicErrorController.error(javax.servlet.http.HttpServletRequest)
2017-11-30 03:34:40.689  INFO 8520 --- [    Test worker] s.w.s.m.m.a.RequestMappingHandlerMapping : Mapped "{[/error],produces=[text/html]}" onto public org.springframework.web.servlet.ModelAndView org.springframework.boot.autoconfigure.web.BasicErrorController.errorHtml(javax.servlet.http.HttpServletRequest,javax.servlet.http.HttpServletResponse)
2017-11-30 03:34:40.757  INFO 8520 --- [    Test worker] o.s.w.s.handler.SimpleUrlHandlerMapping  : Mapped URL path [/webjars/**] onto handler of type [class org.springframework.web.servlet.resource.ResourceHttpRequestHandler]
2017-11-30 03:34:40.757  INFO 8520 --- [    Test worker] o.s.w.s.handler.SimpleUrlHandlerMapping  : Mapped URL path [/**] onto handler of type [class org.springframework.web.servlet.resource.ResourceHttpRequestHandler]
2017-11-30 03:34:40.849  INFO 8520 --- [    Test worker] o.s.w.s.handler.SimpleUrlHandlerMapping  : Mapped URL path [/**/favicon.ico] onto handler of type [class org.springframework.web.servlet.resource.ResourceHttpRequestHandler]
2017-11-30 03:34:41.176  INFO 8520 --- [    Test worker] o.s.b.t.m.w.SpringBootMockServletContext : Initializing Spring FrameworkServlet ''
2017-11-30 03:34:41.177  INFO 8520 --- [    Test worker] o.s.t.web.servlet.TestDispatcherServlet  : FrameworkServlet '': initialization started
2017-11-30 03:34:41.209  INFO 8520 --- [    Test worker] o.s.t.web.servlet.TestDispatcherServlet  : FrameworkServlet '': initialization completed in 30 ms
2017-11-30 03:34:41.381  INFO 8520 --- [    Test worker] b.controller.ViewRecordsControllerTest   : Started ViewRecordsControllerTest in 2.227 seconds (JVM running for 16.104)
]]></system-out>
  <system-err><![CDATA[]]></system-err>
</testsuite>
