<?xml version="1.0" encoding="UTF-8"?>
<testsuite name="bloombergfx.data.CSVFileRepositoryTest" tests="2" skipped="0" failures="0" errors="0" timestamp="2017-11-29T23:34:48" hostname="SAMINDA-LAPTOP" time="0.581">
  <properties/>
  <testcase name="testSaveS" classname="bloombergfx.data.CSVFileRepositoryTest" time="0.285"/>
  <testcase name="testFindByFileName" classname="bloombergfx.data.CSVFileRepositoryTest" time="0.293"/>
  <system-out><![CDATA[2017-11-30 03:34:41.656  INFO 8520 --- [    Test worker] .b.t.c.SpringBootTestContextBootstrapper : Neither @ContextConfiguration nor @ContextHierarchy found for test class [bloombergfx.data.CSVFileRepositoryTest], using SpringBootContextLoader
2017-11-30 03:34:41.657  INFO 8520 --- [    Test worker] o.s.t.c.support.AbstractContextLoader    : Could not detect default resource locations for test class [bloombergfx.data.CSVFileRepositoryTest]: no resource found for suffixes {-context.xml, Context.groovy}.
2017-11-30 03:34:41.658  INFO 8520 --- [    Test worker] t.c.s.AnnotationConfigContextLoaderUtils : Could not detect default configuration classes for test class [bloombergfx.data.CSVFileRepositoryTest]: CSVFileRepositoryTest does not declare any static, non-private, non-final, nested classes annotated with @Configuration.
2017-11-30 03:34:41.726  INFO 8520 --- [    Test worker] .b.t.c.SpringBootTestContextBootstrapper : Found @SpringBootConfiguration bloombergfx.Application for test class bloombergfx.data.CSVFileRepositoryTest
2017-11-30 03:34:41.731  INFO 8520 --- [    Test worker] .b.t.c.SpringBootTestContextBootstrapper : Loaded default TestExecutionListener class names from location [META-INF/spring.factories]: [org.springframework.boot.test.mock.mockito.MockitoTestExecutionListener, org.springframework.boot.test.mock.mockito.ResetMocksTestExecutionListener, org.springframework.boot.test.autoconfigure.restdocs.RestDocsTestExecutionListener, org.springframework.boot.test.autoconfigure.web.client.MockRestServiceServerResetTestExecutionListener, org.springframework.boot.test.autoconfigure.web.servlet.MockMvcPrintOnlyOnFailureTestExecutionListener, org.springframework.boot.test.autoconfigure.web.servlet.WebDriverTestExecutionListener, org.springframework.test.context.web.ServletTestExecutionListener, org.springframework.test.context.support.DirtiesContextBeforeModesTestExecutionListener, org.springframework.test.context.support.DependencyInjectionTestExecutionListener, org.springframework.test.context.support.DirtiesContextTestExecutionListener, org.springframework.test.context.transaction.TransactionalTestExecutionListener, org.springframework.test.context.jdbc.SqlScriptsTestExecutionListener]
2017-11-30 03:34:41.738  INFO 8520 --- [    Test worker] .b.t.c.SpringBootTestContextBootstrapper : Using TestExecutionListeners: [org.springframework.test.context.web.ServletTestExecutionListener@48234998, org.springframework.test.context.support.DirtiesContextBeforeModesTestExecutionListener@4469ea57, org.springframework.boot.test.autoconfigure.SpringBootDependencyInjectionTestExecutionListener@78579145, org.springframework.test.context.support.DirtiesContextTestExecutionListener@38370a9a, org.springframework.test.context.transaction.TransactionalTestExecutionListener@6a8aeb8d, org.springframework.test.context.jdbc.SqlScriptsTestExecutionListener@613a9fd9, org.springframework.boot.test.autoconfigure.restdocs.RestDocsTestExecutionListener@2523f702, org.springframework.boot.test.mock.mockito.ResetMocksTestExecutionListener@25c05ae6, org.springframework.boot.test.mock.mockito.MockitoTestExecutionListener@18ab0b50, org.springframework.boot.test.autoconfigure.web.client.MockRestServiceServerResetTestExecutionListener@2dda8bcb, org.springframework.boot.test.autoconfigure.web.servlet.MockMvcPrintOnlyOnFailureTestExecutionListener@17fbf295, org.springframework.boot.test.autoconfigure.web.servlet.WebDriverTestExecutionListener@30cb9de6]

  .   ____          _            __ _ _
 /\\ / ___'_ __ _ _(_)_ __  __ _ \ \ \ \
( ( )\___ | '_ | '_| | '_ \/ _` | \ \ \ \
 \\/  ___)| |_)| | | | | || (_| |  ) ) ) )
  '  |____| .__|_| |_|_| |_\__, | / / / /
 =========|_|==============|___/=/_/_/_/
 :: Spring Boot ::        (v1.5.8.RELEASE)

2017-11-30 03:34:41.879  INFO 8520 --- [    Test worker] bloombergfx.data.CSVFileRepositoryTest   : Starting CSVFileRepositoryTest on SAMINDA-LAPTOP with PID 8520 (started by Saminda in C:\Users\Saminda\git\bloombergfx\BloombergFX)
2017-11-30 03:34:41.880  INFO 8520 --- [    Test worker] bloombergfx.data.CSVFileRepositoryTest   : No active profile set, falling back to default profiles: default
2017-11-30 03:34:41.888  INFO 8520 --- [    Test worker] s.c.a.AnnotationConfigApplicationContext : Refreshing org.springframework.context.annotation.AnnotationConfigApplicationContext@40660b30: startup date [Thu Nov 30 03:34:41 GST 2017]; root of context hierarchy
2017-11-30 03:34:42.698  INFO 8520 --- [    Test worker] beddedDataSourceBeanFactoryPostProcessor : Replacing 'dataSource' DataSource bean with embedded version
2017-11-30 03:34:42.700  INFO 8520 --- [    Test worker] o.s.b.f.s.DefaultListableBeanFactory     : Overriding bean definition for bean 'dataSource' with a different definition: replacing [Root bean: class [null]; scope=; abstract=false; lazyInit=false; autowireMode=3; dependencyCheck=0; autowireCandidate=true; primary=false; factoryBeanName=org.springframework.boot.autoconfigure.jdbc.DataSourceConfiguration$Tomcat; factoryMethodName=dataSource; initMethodName=null; destroyMethodName=(inferred); defined in class path resource [org/springframework/boot/autoconfigure/jdbc/DataSourceConfiguration$Tomcat.class]] with [Root bean: class [org.springframework.boot.test.autoconfigure.jdbc.TestDatabaseAutoConfiguration$EmbeddedDataSourceFactoryBean]; scope=; abstract=false; lazyInit=false; autowireMode=0; dependencyCheck=0; autowireCandidate=true; primary=false; factoryBeanName=null; factoryMethodName=null; initMethodName=null; destroyMethodName=null]
2017-11-30 03:34:42.938  INFO 8520 --- [    Test worker] o.s.j.d.e.EmbeddedDatabaseFactory        : Starting embedded database: url='jdbc:h2:mem:78a278a6-1fb4-4202-b680-26455cf1bde8;DB_CLOSE_DELAY=-1;DB_CLOSE_ON_EXIT=false', username='sa'
2017-11-30 03:34:43.711  INFO 8520 --- [    Test worker] j.LocalContainerEntityManagerFactoryBean : Building JPA container EntityManagerFactory for persistence unit 'default'
2017-11-30 03:34:43.750  INFO 8520 --- [    Test worker] o.hibernate.jpa.internal.util.LogHelper  : HHH000204: Processing PersistenceUnitInfo [
	name: default
	...]
2017-11-30 03:34:44.004  INFO 8520 --- [    Test worker] org.hibernate.Version                    : HHH000412: Hibernate Core {5.0.12.Final}
2017-11-30 03:34:44.013  INFO 8520 --- [    Test worker] org.hibernate.cfg.Environment            : HHH000206: hibernate.properties not found
2017-11-30 03:34:44.020  INFO 8520 --- [    Test worker] org.hibernate.cfg.Environment            : HHH000021: Bytecode provider name : javassist
2017-11-30 03:34:44.158  INFO 8520 --- [    Test worker] o.hibernate.annotations.common.Version   : HCANN000001: Hibernate Commons Annotations {5.0.1.Final}
2017-11-30 03:34:44.640  INFO 8520 --- [    Test worker] org.hibernate.dialect.Dialect            : HHH000400: Using dialect: org.hibernate.dialect.H2Dialect
2017-11-30 03:34:46.506  INFO 8520 --- [    Test worker] org.hibernate.tool.hbm2ddl.SchemaExport  : HHH000227: Running hbm2ddl schema export
Hibernate: drop table csv_file if exists
Hibernate: drop table deal if exists
Hibernate: drop table invalid_record if exists
Hibernate: drop table valid_record if exists
Hibernate: create table csv_file (id bigint generated by default as identity, file_name varchar(255), primary key (id))
Hibernate: create table deal (currency_code varchar(255) not null, count bigint not null, primary key (currency_code))
Hibernate: create table invalid_record (record_id bigint not null, amount double, from_currency varchar(255), time_stamp timestamp, to_currency varchar(255), file_id bigint, primary key (record_id))
Hibernate: create table valid_record (record_id bigint not null, amount double, from_currency varchar(255), time_stamp timestamp, to_currency varchar(255), file_id bigint, primary key (record_id))
Hibernate: alter table invalid_record add constraint FKkit7mad07cxdys8l1pc8xatj4 foreign key (file_id) references csv_file
Hibernate: alter table valid_record add constraint FK1kl6aosha0ffyngsnkyeimxiu foreign key (file_id) references csv_file
2017-11-30 03:34:46.585  INFO 8520 --- [    Test worker] org.hibernate.tool.hbm2ddl.SchemaExport  : HHH000230: Schema export complete
2017-11-30 03:34:46.699  INFO 8520 --- [    Test worker] j.LocalContainerEntityManagerFactoryBean : Initialized JPA EntityManagerFactory for persistence unit 'default'
2017-11-30 03:34:47.539  INFO 8520 --- [    Test worker] o.h.h.i.QueryTranslatorFactoryInitiator  : HHH000397: Using ASTQueryTranslatorFactory
2017-11-30 03:34:48.022  INFO 8520 --- [    Test worker] bloombergfx.data.CSVFileRepositoryTest   : Started CSVFileRepositoryTest in 6.262 seconds (JVM running for 22.744)
2017-11-30 03:34:48.109  INFO 8520 --- [    Test worker] o.s.t.c.transaction.TransactionContext   : Began transaction (1) for test context [DefaultTestContext@68e80f6 testClass = CSVFileRepositoryTest, testInstance = bloombergfx.data.CSVFileRepositoryTest@27ab9eb8, testMethod = testSaveS@CSVFileRepositoryTest, testException = [null], mergedContextConfiguration = [MergedContextConfiguration@7c5d73da testClass = CSVFileRepositoryTest, locations = '{}', classes = '{class bloombergfx.Application}', contextInitializerClasses = '[]', activeProfiles = '{}', propertySourceLocations = '{}', propertySourceProperties = '{org.springframework.boot.test.context.SpringBootTestContextBootstrapper=true}', contextCustomizers = set[[ImportsContextCustomizer@6a5adb5b key = [org.springframework.boot.autoconfigure.cache.CacheAutoConfiguration, org.springframework.boot.autoconfigure.data.jpa.JpaRepositoriesAutoConfiguration, org.springframework.boot.autoconfigure.flyway.FlywayAutoConfiguration, org.springframework.boot.autoconfigure.jdbc.DataSourceAutoConfiguration, org.springframework.boot.autoconfigure.jdbc.DataSourceTransactionManagerAutoConfiguration, org.springframework.boot.autoconfigure.jdbc.JdbcTemplateAutoConfiguration, org.springframework.boot.autoconfigure.liquibase.LiquibaseAutoConfiguration, org.springframework.boot.autoconfigure.orm.jpa.HibernateJpaAutoConfiguration, org.springframework.boot.autoconfigure.transaction.TransactionAutoConfiguration, org.springframework.boot.test.autoconfigure.jdbc.TestDatabaseAutoConfiguration, org.springframework.boot.test.autoconfigure.orm.jpa.TestEntityManagerAutoConfiguration]], org.springframework.boot.test.context.filter.ExcludeFilterContextCustomizer@47e0cb74, org.springframework.boot.test.json.DuplicateJsonObjectContextCustomizerFactory$DuplicateJsonObjectContextCustomizer@c9c7f30, org.springframework.boot.test.mock.mockito.MockitoContextCustomizer@0, org.springframework.boot.test.autoconfigure.OverrideAutoConfigurationContextCustomizerFactory$DisableAutoConfigurationContextCustomizer@afd09ed, org.springframework.boot.test.autoconfigure.filter.TypeExcludeFiltersContextCustomizer@351584c0, org.springframework.boot.test.autoconfigure.properties.PropertyMappingContextCustomizer@16f3b85c, org.springframework.boot.test.autoconfigure.web.servlet.WebDriverContextCustomizerFactory$Customizer@9eac6a5], contextLoader = 'org.springframework.boot.test.context.SpringBootContextLoader', parent = [null]]]; transaction manager [org.springframework.orm.jpa.JpaTransactionManager@7ced24f0]; rollback [true]
Hibernate: insert into csv_file (id, file_name) values (null, ?)
2017-11-30 03:34:48.370  INFO 8520 --- [    Test worker] o.s.t.c.transaction.TransactionContext   : Rolled back transaction for test context [DefaultTestContext@68e80f6 testClass = CSVFileRepositoryTest, testInstance = bloombergfx.data.CSVFileRepositoryTest@27ab9eb8, testMethod = testSaveS@CSVFileRepositoryTest, testException = [null], mergedContextConfiguration = [MergedContextConfiguration@7c5d73da testClass = CSVFileRepositoryTest, locations = '{}', classes = '{class bloombergfx.Application}', contextInitializerClasses = '[]', activeProfiles = '{}', propertySourceLocations = '{}', propertySourceProperties = '{org.springframework.boot.test.context.SpringBootTestContextBootstrapper=true}', contextCustomizers = set[[ImportsContextCustomizer@6a5adb5b key = [org.springframework.boot.autoconfigure.cache.CacheAutoConfiguration, org.springframework.boot.autoconfigure.data.jpa.JpaRepositoriesAutoConfiguration, org.springframework.boot.autoconfigure.flyway.FlywayAutoConfiguration, org.springframework.boot.autoconfigure.jdbc.DataSourceAutoConfiguration, org.springframework.boot.autoconfigure.jdbc.DataSourceTransactionManagerAutoConfiguration, org.springframework.boot.autoconfigure.jdbc.JdbcTemplateAutoConfiguration, org.springframework.boot.autoconfigure.liquibase.LiquibaseAutoConfiguration, org.springframework.boot.autoconfigure.orm.jpa.HibernateJpaAutoConfiguration, org.springframework.boot.autoconfigure.transaction.TransactionAutoConfiguration, org.springframework.boot.test.autoconfigure.jdbc.TestDatabaseAutoConfiguration, org.springframework.boot.test.autoconfigure.orm.jpa.TestEntityManagerAutoConfiguration]], org.springframework.boot.test.context.filter.ExcludeFilterContextCustomizer@47e0cb74, org.springframework.boot.test.json.DuplicateJsonObjectContextCustomizerFactory$DuplicateJsonObjectContextCustomizer@c9c7f30, org.springframework.boot.test.mock.mockito.MockitoContextCustomizer@0, org.springframework.boot.test.autoconfigure.OverrideAutoConfigurationContextCustomizerFactory$DisableAutoConfigurationContextCustomizer@afd09ed, org.springframework.boot.test.autoconfigure.filter.TypeExcludeFiltersContextCustomizer@351584c0, org.springframework.boot.test.autoconfigure.properties.PropertyMappingContextCustomizer@16f3b85c, org.springframework.boot.test.autoconfigure.web.servlet.WebDriverContextCustomizerFactory$Customizer@9eac6a5], contextLoader = 'org.springframework.boot.test.context.SpringBootContextLoader', parent = [null]]].
2017-11-30 03:34:48.376  INFO 8520 --- [    Test worker] o.s.t.c.transaction.TransactionContext   : Began transaction (1) for test context [DefaultTestContext@68e80f6 testClass = CSVFileRepositoryTest, testInstance = bloombergfx.data.CSVFileRepositoryTest@4fd06745, testMethod = testFindByFileName@CSVFileRepositoryTest, testException = [null], mergedContextConfiguration = [MergedContextConfiguration@7c5d73da testClass = CSVFileRepositoryTest, locations = '{}', classes = '{class bloombergfx.Application}', contextInitializerClasses = '[]', activeProfiles = '{}', propertySourceLocations = '{}', propertySourceProperties = '{org.springframework.boot.test.context.SpringBootTestContextBootstrapper=true}', contextCustomizers = set[[ImportsContextCustomizer@6a5adb5b key = [org.springframework.boot.autoconfigure.cache.CacheAutoConfiguration, org.springframework.boot.autoconfigure.data.jpa.JpaRepositoriesAutoConfiguration, org.springframework.boot.autoconfigure.flyway.FlywayAutoConfiguration, org.springframework.boot.autoconfigure.jdbc.DataSourceAutoConfiguration, org.springframework.boot.autoconfigure.jdbc.DataSourceTransactionManagerAutoConfiguration, org.springframework.boot.autoconfigure.jdbc.JdbcTemplateAutoConfiguration, org.springframework.boot.autoconfigure.liquibase.LiquibaseAutoConfiguration, org.springframework.boot.autoconfigure.orm.jpa.HibernateJpaAutoConfiguration, org.springframework.boot.autoconfigure.transaction.TransactionAutoConfiguration, org.springframework.boot.test.autoconfigure.jdbc.TestDatabaseAutoConfiguration, org.springframework.boot.test.autoconfigure.orm.jpa.TestEntityManagerAutoConfiguration]], org.springframework.boot.test.context.filter.ExcludeFilterContextCustomizer@47e0cb74, org.springframework.boot.test.json.DuplicateJsonObjectContextCustomizerFactory$DuplicateJsonObjectContextCustomizer@c9c7f30, org.springframework.boot.test.mock.mockito.MockitoContextCustomizer@0, org.springframework.boot.test.autoconfigure.OverrideAutoConfigurationContextCustomizerFactory$DisableAutoConfigurationContextCustomizer@afd09ed, org.springframework.boot.test.autoconfigure.filter.TypeExcludeFiltersContextCustomizer@351584c0, org.springframework.boot.test.autoconfigure.properties.PropertyMappingContextCustomizer@16f3b85c, org.springframework.boot.test.autoconfigure.web.servlet.WebDriverContextCustomizerFactory$Customizer@9eac6a5], contextLoader = 'org.springframework.boot.test.context.SpringBootContextLoader', parent = [null]]]; transaction manager [org.springframework.orm.jpa.JpaTransactionManager@7ced24f0]; rollback [true]
Hibernate: insert into csv_file (id, file_name) values (null, ?)
Hibernate: insert into invalid_record (amount, file_id, from_currency, time_stamp, to_currency, record_id) values (?, ?, ?, ?, ?, ?)
Hibernate: insert into valid_record (amount, file_id, from_currency, time_stamp, to_currency, record_id) values (?, ?, ?, ?, ?, ?)
Hibernate: select csvfile0_.id as id1_0_, csvfile0_.file_name as file_nam2_0_ from csv_file csvfile0_ where csvfile0_.file_name=?
2017-11-30 03:34:48.661  INFO 8520 --- [    Test worker] o.s.t.c.transaction.TransactionContext   : Rolled back transaction for test context [DefaultTestContext@68e80f6 testClass = CSVFileRepositoryTest, testInstance = bloombergfx.data.CSVFileRepositoryTest@4fd06745, testMethod = testFindByFileName@CSVFileRepositoryTest, testException = [null], mergedContextConfiguration = [MergedContextConfiguration@7c5d73da testClass = CSVFileRepositoryTest, locations = '{}', classes = '{class bloombergfx.Application}', contextInitializerClasses = '[]', activeProfiles = '{}', propertySourceLocations = '{}', propertySourceProperties = '{org.springframework.boot.test.context.SpringBootTestContextBootstrapper=true}', contextCustomizers = set[[ImportsContextCustomizer@6a5adb5b key = [org.springframework.boot.autoconfigure.cache.CacheAutoConfiguration, org.springframework.boot.autoconfigure.data.jpa.JpaRepositoriesAutoConfiguration, org.springframework.boot.autoconfigure.flyway.FlywayAutoConfiguration, org.springframework.boot.autoconfigure.jdbc.DataSourceAutoConfiguration, org.springframework.boot.autoconfigure.jdbc.DataSourceTransactionManagerAutoConfiguration, org.springframework.boot.autoconfigure.jdbc.JdbcTemplateAutoConfiguration, org.springframework.boot.autoconfigure.liquibase.LiquibaseAutoConfiguration, org.springframework.boot.autoconfigure.orm.jpa.HibernateJpaAutoConfiguration, org.springframework.boot.autoconfigure.transaction.TransactionAutoConfiguration, org.springframework.boot.test.autoconfigure.jdbc.TestDatabaseAutoConfiguration, org.springframework.boot.test.autoconfigure.orm.jpa.TestEntityManagerAutoConfiguration]], org.springframework.boot.test.context.filter.ExcludeFilterContextCustomizer@47e0cb74, org.springframework.boot.test.json.DuplicateJsonObjectContextCustomizerFactory$DuplicateJsonObjectContextCustomizer@c9c7f30, org.springframework.boot.test.mock.mockito.MockitoContextCustomizer@0, org.springframework.boot.test.autoconfigure.OverrideAutoConfigurationContextCustomizerFactory$DisableAutoConfigurationContextCustomizer@afd09ed, org.springframework.boot.test.autoconfigure.filter.TypeExcludeFiltersContextCustomizer@351584c0, org.springframework.boot.test.autoconfigure.properties.PropertyMappingContextCustomizer@16f3b85c, org.springframework.boot.test.autoconfigure.web.servlet.WebDriverContextCustomizerFactory$Customizer@9eac6a5], contextLoader = 'org.springframework.boot.test.context.SpringBootContextLoader', parent = [null]]].
]]></system-out>
  <system-err><![CDATA[]]></system-err>
</testsuite>
