<?xml version="1.0" encoding="UTF-8"?>
<testsuite name="bloombergfx.model.RecordTest" tests="1" skipped="0" failures="0" errors="0" timestamp="2017-11-29T23:34:49" hostname="SAMINDA-LAPTOP" time="0.013">
  <properties/>
  <testcase name="testValidate" classname="bloombergfx.model.RecordTest" time="0.013"/>
  <system-out><![CDATA[2017-11-30 03:34:49.067  INFO 8520 --- [    Test worker] o.s.t.c.s.DefaultTestContextBootstrapper : Neither @ContextConfiguration nor @ContextHierarchy found for test class [bloombergfx.model.RecordTest], using DelegatingSmartContextLoader
2017-11-30 03:34:49.068  INFO 8520 --- [    Test worker] o.s.t.c.support.AbstractContextLoader    : Could not detect default resource locations for test class [bloombergfx.model.RecordTest]: no resource found for suffixes {-context.xml, Context.groovy}.
2017-11-30 03:34:49.069  INFO 8520 --- [    Test worker] t.c.s.AnnotationConfigContextLoaderUtils : Could not detect default configuration classes for test class [bloombergfx.model.RecordTest]: RecordTest does not declare any static, non-private, non-final, nested classes annotated with @Configuration.
2017-11-30 03:34:49.077  INFO 8520 --- [    Test worker] o.s.t.c.s.DefaultTestContextBootstrapper : Loaded default TestExecutionListener class names from location [META-INF/spring.factories]: [org.springframework.boot.test.mock.mockito.MockitoTestExecutionListener, org.springframework.boot.test.mock.mockito.ResetMocksTestExecutionListener, org.springframework.boot.test.autoconfigure.restdocs.RestDocsTestExecutionListener, org.springframework.boot.test.autoconfigure.web.client.MockRestServiceServerResetTestExecutionListener, org.springframework.boot.test.autoconfigure.web.servlet.MockMvcPrintOnlyOnFailureTestExecutionListener, org.springframework.boot.test.autoconfigure.web.servlet.WebDriverTestExecutionListener, org.springframework.test.context.web.ServletTestExecutionListener, org.springframework.test.context.support.DirtiesContextBeforeModesTestExecutionListener, org.springframework.test.context.support.DependencyInjectionTestExecutionListener, org.springframework.test.context.support.DirtiesContextTestExecutionListener, org.springframework.test.context.transaction.TransactionalTestExecutionListener, org.springframework.test.context.jdbc.SqlScriptsTestExecutionListener]
2017-11-30 03:34:49.080  INFO 8520 --- [    Test worker] o.s.t.c.s.DefaultTestContextBootstrapper : Using TestExecutionListeners: [org.springframework.test.context.web.ServletTestExecutionListener@156a7db2, org.springframework.test.context.support.DirtiesContextBeforeModesTestExecutionListener@679fb7e2, org.springframework.test.context.support.DependencyInjectionTestExecutionListener@1a9b7342, org.springframework.test.context.support.DirtiesContextTestExecutionListener@13ce3df0, org.springframework.test.context.transaction.TransactionalTestExecutionListener@558f45d6, org.springframework.test.context.jdbc.SqlScriptsTestExecutionListener@4f35c822, org.springframework.boot.test.autoconfigure.restdocs.RestDocsTestExecutionListener@e75b3e5, org.springframework.boot.test.mock.mockito.ResetMocksTestExecutionListener@6cb63e66, org.springframework.boot.test.mock.mockito.MockitoTestExecutionListener@433867d3, org.springframework.boot.test.autoconfigure.web.client.MockRestServiceServerResetTestExecutionListener@222dc34e, org.springframework.boot.test.autoconfigure.web.servlet.MockMvcPrintOnlyOnFailureTestExecutionListener@1e4b675, org.springframework.boot.test.autoconfigure.web.servlet.WebDriverTestExecutionListener@5c7cfd21]
2017-11-30 03:34:49.085  INFO 8520 --- [    Test worker] o.s.c.support.GenericApplicationContext  : Refreshing org.springframework.context.support.GenericApplicationContext@5cfa1f82: startup date [Thu Nov 30 03:34:49 GST 2017]; root of context hierarchy
]]></system-out>
  <system-err><![CDATA[]]></system-err>
</testsuite>
