<?xml version="1.0" encoding="UTF-8"?>
<testsuite name="bloombergfx.controller.MainControllerTest" tests="1" skipped="0" failures="0" errors="0" timestamp="2017-11-29T23:34:38" hostname="SAMINDA-LAPTOP" time="0.062">
  <properties/>
  <testcase name="testIndex" classname="bloombergfx.controller.MainControllerTest" time="0.062"/>
  <system-out><![CDATA[2017-11-30 03:34:37.090  INFO 8520 --- [    Test worker] .b.t.a.w.s.WebMvcTestContextBootstrapper : Neither @ContextConfiguration nor @ContextHierarchy found for test class [bloombergfx.controller.MainControllerTest], using SpringBootContextLoader
2017-11-30 03:34:37.093  INFO 8520 --- [    Test worker] o.s.t.c.support.AbstractContextLoader    : Could not detect default resource locations for test class [bloombergfx.controller.MainControllerTest]: no resource found for suffixes {-context.xml, Context.groovy}.
2017-11-30 03:34:37.093  INFO 8520 --- [    Test worker] t.c.s.AnnotationConfigContextLoaderUtils : Could not detect default configuration classes for test class [bloombergfx.controller.MainControllerTest]: MainControllerTest does not declare any static, non-private, non-final, nested classes annotated with @Configuration.
2017-11-30 03:34:37.127  INFO 8520 --- [    Test worker] .b.t.c.SpringBootTestContextBootstrapper : Found @SpringBootConfiguration bloombergfx.Application for test class bloombergfx.controller.MainControllerTest
2017-11-30 03:34:37.140  INFO 8520 --- [    Test worker] .b.t.a.w.s.WebMvcTestContextBootstrapper : Loaded default TestExecutionListener class names from location [META-INF/spring.factories]: [org.springframework.boot.test.mock.mockito.MockitoTestExecutionListener, org.springframework.boot.test.mock.mockito.ResetMocksTestExecutionListener, org.springframework.boot.test.autoconfigure.restdocs.RestDocsTestExecutionListener, org.springframework.boot.test.autoconfigure.web.client.MockRestServiceServerResetTestExecutionListener, org.springframework.boot.test.autoconfigure.web.servlet.MockMvcPrintOnlyOnFailureTestExecutionListener, org.springframework.boot.test.autoconfigure.web.servlet.WebDriverTestExecutionListener, org.springframework.test.context.web.ServletTestExecutionListener, org.springframework.test.context.support.DirtiesContextBeforeModesTestExecutionListener, org.springframework.test.context.support.DependencyInjectionTestExecutionListener, org.springframework.test.context.support.DirtiesContextTestExecutionListener, org.springframework.test.context.transaction.TransactionalTestExecutionListener, org.springframework.test.context.jdbc.SqlScriptsTestExecutionListener]
2017-11-30 03:34:37.147  INFO 8520 --- [    Test worker] .b.t.a.w.s.WebMvcTestContextBootstrapper : Using TestExecutionListeners: [org.springframework.test.context.web.ServletTestExecutionListener@3ab892a1, org.springframework.test.context.support.DirtiesContextBeforeModesTestExecutionListener@1360270f, org.springframework.boot.test.autoconfigure.SpringBootDependencyInjectionTestExecutionListener@1e400942, org.springframework.test.context.support.DirtiesContextTestExecutionListener@300cfbd2, org.springframework.test.context.transaction.TransactionalTestExecutionListener@4edf5ae8, org.springframework.test.context.jdbc.SqlScriptsTestExecutionListener@5c155463, org.springframework.boot.test.autoconfigure.restdocs.RestDocsTestExecutionListener@42815cba, org.springframework.boot.test.mock.mockito.ResetMocksTestExecutionListener@1584ed53, org.springframework.boot.test.mock.mockito.MockitoTestExecutionListener@2138ed11, org.springframework.boot.test.autoconfigure.web.client.MockRestServiceServerResetTestExecutionListener@57f81319, org.springframework.boot.test.autoconfigure.web.servlet.MockMvcPrintOnlyOnFailureTestExecutionListener@1fd4f1d0, org.springframework.boot.test.autoconfigure.web.servlet.WebDriverTestExecutionListener@2d88690c]

  .   ____          _            __ _ _
 /\\ / ___'_ __ _ _(_)_ __  __ _ \ \ \ \
( ( )\___ | '_ | '_| | '_ \/ _` | \ \ \ \
 \\/  ___)| |_)| | | | | || (_| |  ) ) ) )
  '  |____| .__|_| |_|_| |_\__, | / / / /
 =========|_|==============|___/=/_/_/_/
 :: Spring Boot ::        (v1.5.8.RELEASE)

2017-11-30 03:34:37.238  INFO 8520 --- [    Test worker] b.controller.MainControllerTest          : Starting MainControllerTest on SAMINDA-LAPTOP with PID 8520 (started by Saminda in C:\Users\Saminda\git\bloombergfx\BloombergFX)
2017-11-30 03:34:37.239  INFO 8520 --- [    Test worker] b.controller.MainControllerTest          : No active profile set, falling back to default profiles: default
2017-11-30 03:34:37.241  INFO 8520 --- [    Test worker] o.s.w.c.s.GenericWebApplicationContext   : Refreshing org.springframework.web.context.support.GenericWebApplicationContext@2811dfbc: startup date [Thu Nov 30 03:34:37 GST 2017]; root of context hierarchy
2017-11-30 03:34:38.326  INFO 8520 --- [    Test worker] s.w.s.m.m.a.RequestMappingHandlerAdapter : Looking for @ControllerAdvice: org.springframework.web.context.support.GenericWebApplicationContext@2811dfbc: startup date [Thu Nov 30 03:34:37 GST 2017]; root of context hierarchy
2017-11-30 03:34:38.368  INFO 8520 --- [    Test worker] s.w.s.m.m.a.RequestMappingHandlerMapping : Mapped "{[/],methods=[GET]}" onto public java.lang.String bloombergfx.controller.MainController.index()
2017-11-30 03:34:38.371  INFO 8520 --- [    Test worker] s.w.s.m.m.a.RequestMappingHandlerMapping : Mapped "{[/error]}" onto public org.springframework.http.ResponseEntity<java.util.Map<java.lang.String, java.lang.Object>> org.springframework.boot.autoconfigure.web.BasicErrorController.error(javax.servlet.http.HttpServletRequest)
2017-11-30 03:34:38.371  INFO 8520 --- [    Test worker] s.w.s.m.m.a.RequestMappingHandlerMapping : Mapped "{[/error],produces=[text/html]}" onto public org.springframework.web.servlet.ModelAndView org.springframework.boot.autoconfigure.web.BasicErrorController.errorHtml(javax.servlet.http.HttpServletRequest,javax.servlet.http.HttpServletResponse)
2017-11-30 03:34:38.462  INFO 8520 --- [    Test worker] o.s.w.s.handler.SimpleUrlHandlerMapping  : Mapped URL path [/webjars/**] onto handler of type [class org.springframework.web.servlet.resource.ResourceHttpRequestHandler]
2017-11-30 03:34:38.462  INFO 8520 --- [    Test worker] o.s.w.s.handler.SimpleUrlHandlerMapping  : Mapped URL path [/**] onto handler of type [class org.springframework.web.servlet.resource.ResourceHttpRequestHandler]
2017-11-30 03:34:38.547  INFO 8520 --- [    Test worker] o.s.w.s.handler.SimpleUrlHandlerMapping  : Mapped URL path [/**/favicon.ico] onto handler of type [class org.springframework.web.servlet.resource.ResourceHttpRequestHandler]
2017-11-30 03:34:38.842  INFO 8520 --- [    Test worker] o.s.b.t.m.w.SpringBootMockServletContext : Initializing Spring FrameworkServlet ''
2017-11-30 03:34:38.842  INFO 8520 --- [    Test worker] o.s.t.web.servlet.TestDispatcherServlet  : FrameworkServlet '': initialization started
2017-11-30 03:34:38.864  INFO 8520 --- [    Test worker] o.s.t.web.servlet.TestDispatcherServlet  : FrameworkServlet '': initialization completed in 22 ms
2017-11-30 03:34:38.989  INFO 8520 --- [    Test worker] b.controller.MainControllerTest          : Started MainControllerTest in 1.829 seconds (JVM running for 13.711)
]]></system-out>
  <system-err><![CDATA[]]></system-err>
</testsuite>
