<?xml version="1.0" encoding="UTF-8"?>
<testsuite name="bloombergfx.data.service.UpdateDealsServiceTest" tests="1" skipped="0" failures="0" errors="0" timestamp="2017-11-29T23:34:49" hostname="SAMINDA-LAPTOP" time="0.012">
  <properties/>
  <testcase name="testUpdateDeals" classname="bloombergfx.data.service.UpdateDealsServiceTest" time="0.012"/>
  <system-out><![CDATA[2017-11-30 03:34:48.923  INFO 8520 --- [    Test worker] o.s.t.c.s.DefaultTestContextBootstrapper : Neither @ContextConfiguration nor @ContextHierarchy found for test class [bloombergfx.data.service.UpdateDealsServiceTest], using DelegatingSmartContextLoader
2017-11-30 03:34:48.924  INFO 8520 --- [    Test worker] o.s.t.c.support.AbstractContextLoader    : Could not detect default resource locations for test class [bloombergfx.data.service.UpdateDealsServiceTest]: no resource found for suffixes {-context.xml, Context.groovy}.
2017-11-30 03:34:48.924  INFO 8520 --- [    Test worker] t.c.s.AnnotationConfigContextLoaderUtils : Could not detect default configuration classes for test class [bloombergfx.data.service.UpdateDealsServiceTest]: UpdateDealsServiceTest does not declare any static, non-private, non-final, nested classes annotated with @Configuration.
2017-11-30 03:34:48.937  INFO 8520 --- [    Test worker] o.s.t.c.s.DefaultTestContextBootstrapper : Loaded default TestExecutionListener class names from location [META-INF/spring.factories]: [org.springframework.boot.test.mock.mockito.MockitoTestExecutionListener, org.springframework.boot.test.mock.mockito.ResetMocksTestExecutionListener, org.springframework.boot.test.autoconfigure.restdocs.RestDocsTestExecutionListener, org.springframework.boot.test.autoconfigure.web.client.MockRestServiceServerResetTestExecutionListener, org.springframework.boot.test.autoconfigure.web.servlet.MockMvcPrintOnlyOnFailureTestExecutionListener, org.springframework.boot.test.autoconfigure.web.servlet.WebDriverTestExecutionListener, org.springframework.test.context.web.ServletTestExecutionListener, org.springframework.test.context.support.DirtiesContextBeforeModesTestExecutionListener, org.springframework.test.context.support.DependencyInjectionTestExecutionListener, org.springframework.test.context.support.DirtiesContextTestExecutionListener, org.springframework.test.context.transaction.TransactionalTestExecutionListener, org.springframework.test.context.jdbc.SqlScriptsTestExecutionListener]
2017-11-30 03:34:48.938  INFO 8520 --- [    Test worker] o.s.t.c.s.DefaultTestContextBootstrapper : Using TestExecutionListeners: [org.springframework.test.context.web.ServletTestExecutionListener@6c2ab664, org.springframework.test.context.support.DirtiesContextBeforeModesTestExecutionListener@39ee0150, org.springframework.test.context.support.DependencyInjectionTestExecutionListener@2e353b3c, org.springframework.test.context.support.DirtiesContextTestExecutionListener@2061a80e, org.springframework.test.context.transaction.TransactionalTestExecutionListener@19c1b3f0, org.springframework.test.context.jdbc.SqlScriptsTestExecutionListener@506cc519, org.springframework.boot.test.autoconfigure.restdocs.RestDocsTestExecutionListener@5787e8f3, org.springframework.boot.test.mock.mockito.ResetMocksTestExecutionListener@7a0b0bd5, org.springframework.boot.test.mock.mockito.MockitoTestExecutionListener@6ec16957, org.springframework.boot.test.autoconfigure.web.client.MockRestServiceServerResetTestExecutionListener@58333d9b, org.springframework.boot.test.autoconfigure.web.servlet.MockMvcPrintOnlyOnFailureTestExecutionListener@301b861e, org.springframework.boot.test.autoconfigure.web.servlet.WebDriverTestExecutionListener@126c666b]
2017-11-30 03:34:48.943  INFO 8520 --- [    Test worker] o.s.c.support.GenericApplicationContext  : Refreshing org.springframework.context.support.GenericApplicationContext@77022ea0: startup date [Thu Nov 30 03:34:48 GST 2017]; root of context hierarchy
]]></system-out>
  <system-err><![CDATA[]]></system-err>
</testsuite>
